<?xml version="1.0" encoding="UTF-8"?>
<!-- Generated by org.testng.reporters.JUnitReportReporter -->
<testsuite hostname="Kajal" failures="0" tests="3" name="testNGAnnotation_Flags.DependesOnMethodFlag4" time="0.037" errors="0" timestamp="2023-12-04T11:39:54 IST" skipped="0">
  <testcase classname="testNGAnnotation_Flags.DependesOnMethodFlag4" name="createUsersMethod" time="0.004">
    <system-out>
      <![CDATA[Method2 for  Users Page]]>
    </system-out>
  </testcase> <!-- createUsersMethod -->
  <testcase classname="testNGAnnotation_Flags.DependesOnMethodFlag4" name="loginMethod" time="0.026">
    <system-out>
      <![CDATA[Method1 for Login Page]]>
    </system-out>
  </testcase> <!-- loginMethod -->
  <testcase classname="testNGAnnotation_Flags.DependesOnMethodFlag4" name="logoutMethod" time="0.007">
    <system-out>
      <![CDATA[Method3 for Logout Page]]>
    </system-out>
  </testcase> <!-- logoutMethod -->
  <system-out>
    <![CDATA[Method1 for Login Page
Method2 for  Users Page
Method3 for Logout Page]]>
  </system-out>
</testsuite> <!-- testNGAnnotation_Flags.DependesOnMethodFlag4 -->
