<?xml version="1.0" encoding="UTF-8"?>
<!-- Generated by org.testng.reporters.JUnitReportReporter -->
<testsuite hostname="Kajal" failures="0" tests="5" name="testAnnotation_Flags.Annotation_class" time="0.142" errors="0" timestamp="2023-12-01T11:58:10 IST" skipped="0">
  <testcase classname="testAnnotation_Flags.Annotation_class" name="annotation_Test" time="0.018">
    <system-out>
      <![CDATA[Test Annotation]]>
    </system-out>
  </testcase> <!-- annotation_Test -->
  <testcase classname="testAnnotation_Flags.Annotation_class" name="annotation_Test3" time="0.023">
    <system-out>
      <![CDATA[Test3 Annotation]]>
    </system-out>
  </testcase> <!-- annotation_Test3 -->
  <testcase classname="testAnnotation_Flags.Annotation_class" name="annotation_Test2" time="0.021">
    <system-out>
      <![CDATA[Test2 Annotation]]>
    </system-out>
  </testcase> <!-- annotation_Test2 -->
  <testcase classname="testAnnotation_Flags.Annotation_class" name="annotation_Test4" time="0.015">
    <system-out>
      <![CDATA[Test4 Annotation]]>
    </system-out>
  </testcase> <!-- annotation_Test4 -->
  <testcase classname="testAnnotation_Flags.Annotation_class" name="annotation_Test_Method" time="0.065"/>
  <system-out>
    <![CDATA[Before Suite Annotation
Before Test Annotation
Before Class Annotation
Before Method Annotation
Test Annotation
After Method Annotation
Before Method Annotation
Test2 Annotation
After Method Annotation
Before Method Annotation
Test3 Annotation
After Method Annotation
Before Method Annotation
Test4 Annotation
After Method Annotation
Before Method Annotation
After Method Annotation
After Class Annotation
After Test Annotation
After Suite Annotation]]>
  </system-out>
</testsuite> <!-- testAnnotation_Flags.Annotation_class -->
