<?xml version="1.0" encoding="UTF-8"?>
<!-- Generated by org.testng.reporters.JUnitReportReporter -->
<testsuite hostname="Kajal" failures="0" tests="1" name="testNGPackage.SeleniumTest" time="11.998" errors="0" timestamp="2023-11-28T12:53:00 IST" skipped="0">
  <testcase classname="testNGPackage.SeleniumTest" name="selenium_method" time="11.998"/>
  <system-out>
    <![CDATA[Method1 of TestNGpackage of Demo class
Method2 of TestNGpackage of Demo class
Method2 form Remo class
Method2 form Remo class
Method1 form Remo class
Method2 form Remo class]]>
  </system-out>
</testsuite> <!-- testNGPackage.SeleniumTest -->
