<?xml version="1.0" encoding="UTF-8"?>
<!-- Generated by org.testng.reporters.JUnitReportReporter -->
<testsuite hostname="Kajal" failures="0" tests="2" name="testNGPackage.Sumo" time="0.019" errors="0" timestamp="2023-11-28T12:53:00 IST" skipped="0">
  <testcase classname="testNGPackage.Sumo" name="method2" time="0.002">
    <system-out>
      <![CDATA[Method2 form Remo class]]>
    </system-out>
  </testcase> <!-- method2 -->
  <testcase classname="testNGPackage.Sumo" name="method1" time="0.017">
    <system-out>
      <![CDATA[Method1 form Remo class]]>
    </system-out>
  </testcase> <!-- method1 -->
  <system-out>
    <![CDATA[Method1 of TestNGpackage of Demo class
Method2 of TestNGpackage of Demo class
Method2 form Remo class
Method2 form Remo class
Method1 form Remo class
Method2 form Remo class]]>
  </system-out>
</testsuite> <!-- testNGPackage.Sumo -->
