<?xml version="1.0" encoding="UTF-8"?>
<!-- Generated by org.testng.reporters.JUnitReportReporter -->
<testsuite hostname="Kajal" failures="0" tests="2" name="testNG.JavaTest" time="184.349" errors="0" timestamp="2023-12-01T11:14:37 IST" skipped="0">
  <testcase classname="testNG.JavaTest" name="java_method" time="144.816"/>
  <testcase classname="testNG.JavaTest" name="java_method" time="39.533"/>
</testsuite> <!-- testNG.JavaTest -->
