<?xml version="1.0" encoding="UTF-8"?>
<!-- Generated by org.testng.reporters.JUnitReportReporter -->
<testsuite hostname="Kajal" failures="0" tests="6" name="testNGAnnotation_Flags.GroupsFlage6" time="0.087" errors="0" timestamp="2023-12-04T12:26:08 IST" skipped="0">
  <testcase classname="testNGAnnotation_Flags.GroupsFlage6" name="st2" time="0.004">
    <system-out>
      <![CDATA[st2]]>
    </system-out>
  </testcase> <!-- st2 -->
  <testcase classname="testNGAnnotation_Flags.GroupsFlage6" name="st5" time="0.013">
    <system-out>
      <![CDATA[st5]]>
    </system-out>
  </testcase> <!-- st5 -->
  <testcase classname="testNGAnnotation_Flags.GroupsFlage6" name="st6" time="0.013">
    <system-out>
      <![CDATA[st6]]>
    </system-out>
  </testcase> <!-- st6 -->
  <testcase classname="testNGAnnotation_Flags.GroupsFlage6" name="st1" time="0.037">
    <system-out>
      <![CDATA[st1]]>
    </system-out>
  </testcase> <!-- st1 -->
  <testcase classname="testNGAnnotation_Flags.GroupsFlage6" name="st3" time="0.008">
    <system-out>
      <![CDATA[st3]]>
    </system-out>
  </testcase> <!-- st3 -->
  <testcase classname="testNGAnnotation_Flags.GroupsFlage6" name="st4" time="0.012">
    <system-out>
      <![CDATA[st4]]>
    </system-out>
  </testcase> <!-- st4 -->
  <system-out>
    <![CDATA[st1
st2
st3
st4
st5
st6]]>
  </system-out>
</testsuite> <!-- testNGAnnotation_Flags.GroupsFlage6 -->
