<?xml version="1.0" encoding="UTF-8"?>
<!-- Generated by org.testng.reporters.JUnitReportReporter -->
<testsuite hostname="Kajal" failures="0" tests="6" name="testNGAnnotation_Flags.PriorityFlag6" time="0.056" errors="0" timestamp="2023-12-02T12:47:18 IST" skipped="0">
  <testcase classname="testNGAnnotation_Flags.PriorityFlag6" name="k" time="0.028">
    <system-out>
      <![CDATA[k]]>
    </system-out>
  </testcase> <!-- k -->
  <testcase classname="testNGAnnotation_Flags.PriorityFlag6" name="s" time="0.009">
    <system-out>
      <![CDATA[s]]>
    </system-out>
  </testcase> <!-- s -->
  <testcase classname="testNGAnnotation_Flags.PriorityFlag6" name="a" time="0.007">
    <system-out>
      <![CDATA[a]]>
    </system-out>
  </testcase> <!-- a -->
  <testcase classname="testNGAnnotation_Flags.PriorityFlag6" name="p" time="0.004">
    <system-out>
      <![CDATA[p]]>
    </system-out>
  </testcase> <!-- p -->
  <testcase classname="testNGAnnotation_Flags.PriorityFlag6" name="f" time="0.004">
    <system-out>
      <![CDATA[f]]>
    </system-out>
  </testcase> <!-- f -->
  <testcase classname="testNGAnnotation_Flags.PriorityFlag6" name="h" time="0.004">
    <system-out>
      <![CDATA[h]]>
    </system-out>
  </testcase> <!-- h -->
  <system-out>
    <![CDATA[k
s
a
f
p
h]]>
  </system-out>
</testsuite> <!-- testNGAnnotation_Flags.PriorityFlag6 -->
