<?xml version="1.0" encoding="UTF-8"?>
<!-- Generated by org.testng.reporters.JUnitReportReporter -->
<testsuite hostname="Kajal" failures="0" tests="3" name="testNGAnnotation_Flags.EnabledFlag2" time="0.033" errors="0" timestamp="2023-12-02T12:22:47 IST" skipped="1">
  <testcase classname="testNGAnnotation_Flags.EnabledFlag2" name="method2" time="0.003">
    <system-out>
      <![CDATA[Method2 for Users Page]]>
    </system-out>
  </testcase> <!-- method2 -->
  <testcase classname="testNGAnnotation_Flags.EnabledFlag2" name="method1" time="0.030">
    <system-out>
      <![CDATA[Method1 for Login Page]]>
    </system-out>
  </testcase> <!-- method1 -->
  <testcase classname="testNGAnnotation_Flags.EnabledFlag2" name="method3">
    <skipped/>
  </testcase> <!-- method3 -->
  <system-out>
    <![CDATA[Method1 for Login Page
Method2 for Users Page]]>
  </system-out>
</testsuite> <!-- testNGAnnotation_Flags.EnabledFlag2 -->
