<?xml version="1.0" encoding="UTF-8"?>
<!-- Generated by org.testng.reporters.JUnitReportReporter -->
<testsuite hostname="Kajal" failures="0" tests="2" name="testNGAnnotation_Flags.GoogleSearchTest" time="26.356" errors="0" timestamp="2023-12-01T12:33:42 IST" skipped="0">
  <testcase classname="testNGAnnotation_Flags.GoogleSearchTest" name="search_selenium" time="7.860"/>
  <testcase classname="testNGAnnotation_Flags.GoogleSearchTest" name="search_Java" time="18.496"/>
</testsuite> <!-- testNGAnnotation_Flags.GoogleSearchTest -->
