<?xml version="1.0" encoding="UTF-8"?>
<!-- Generated by org.testng.reporters.JUnitReportReporter -->
<testsuite hostname="Kajal" failures="0" tests="2" name="testNG.SeleniumTest" time="142.822" errors="0" timestamp="2023-12-01T11:14:37 IST" skipped="0">
  <testcase classname="testNG.SeleniumTest" name="selenium_method" time="43.090"/>
  <testcase classname="testNG.SeleniumTest" name="selenium_method" time="99.732"/>
</testsuite> <!-- testNG.SeleniumTest -->
