<?xml version="1.0" encoding="UTF-8"?>
<!-- Generated by org.testng.reporters.JUnitReportReporter -->
<testsuite hostname="Kajal" failures="0" tests="1" name="testNG.SQLTest" time="102.301" errors="0" timestamp="2023-11-30T12:14:52 IST" skipped="0">
  <testcase classname="testNG.SQLTest" name="SQL_method" time="102.301"/>
</testsuite> <!-- testNG.SQLTest -->
