<?xml version="1.0" encoding="UTF-8"?>
<!-- Generated by org.testng.reporters.JUnitReportReporter -->
<testsuite hostname="Kajal" failures="0" tests="1" name="testNGAnnotation_Flags.DiscriptionFlag1" time="0.026" errors="0" timestamp="2023-12-02T12:22:22 IST" skipped="0">
  <testcase classname="testNGAnnotation_Flags.DiscriptionFlag1" name="Method1" time="0.026">
    <system-out>
      <![CDATA[Method from flag1]]>
    </system-out>
  </testcase> <!-- Method1 -->
  <system-out>
    <![CDATA[Method from flag1]]>
  </system-out>
</testsuite> <!-- testNGAnnotation_Flags.DiscriptionFlag1 -->
