<?xml version="1.0" encoding="UTF-8"?>
<!-- Generated by org.testng.reporters.JUnitReportReporter -->
<testsuite hostname="Kajal" failures="0" tests="1" name="testNGPackage.SQLTest" time="13.313" errors="0" timestamp="2023-11-28T12:53:00 IST" skipped="0">
  <testcase classname="testNGPackage.SQLTest" name="SQL_method" time="13.313"/>
  <system-out>
    <![CDATA[Method1 of TestNGpackage of Demo class
Method2 of TestNGpackage of Demo class
Method2 form Remo class
Method2 form Remo class
Method1 form Remo class
Method2 form Remo class]]>
  </system-out>
</testsuite> <!-- testNGPackage.SQLTest -->
