<?xml version="1.0" encoding="UTF-8"?>
<!-- Generated by org.testng.reporters.JUnitReportReporter -->
<testsuite hostname="Kajal" failures="0" tests="3" name="testNGAnnotation_Flags.InvicationCountFlag3" time="0.050" errors="0" timestamp="2023-12-02T12:28:28 IST" skipped="0">
  <testcase classname="testNGAnnotation_Flags.InvicationCountFlag3" name="Method1" time="0.040">
    <system-out>
      <![CDATA[Login!!!!]]>
    </system-out>
  </testcase> <!-- Method1 -->
  <testcase classname="testNGAnnotation_Flags.InvicationCountFlag3" name="Method1" time="0.005">
    <system-out>
      <![CDATA[Login!!!!]]>
    </system-out>
  </testcase> <!-- Method1 -->
  <testcase classname="testNGAnnotation_Flags.InvicationCountFlag3" name="Method1" time="0.005">
    <system-out>
      <![CDATA[Login!!!!]]>
    </system-out>
  </testcase> <!-- Method1 -->
  <system-out>
    <![CDATA[Login!!!!
Login!!!!
Login!!!!]]>
  </system-out>
</testsuite> <!-- testNGAnnotation_Flags.InvicationCountFlag3 -->
